0 info it worked if it ends with ok
1 verbose cli [ '/Users/john/.nvm/versions/node/v6.14.2/bin/node',
1 verbose cli   '/Users/john/.nvm/versions/node/v6.14.2/bin/npm',
1 verbose cli   'run',
1 verbose cli   'debug:android' ]
2 info using npm@3.10.10
3 info using node@v6.14.2
4 verbose run-script [ 'predebug:android', 'debug:android', 'postdebug:android' ]
5 info lifecycle exampleproblemvuecomponent@1.0.0~predebug:android: exampleproblemvuecomponent@1.0.0
6 silly lifecycle exampleproblemvuecomponent@1.0.0~predebug:android: no script for predebug:android, continuing
7 info lifecycle exampleproblemvuecomponent@1.0.0~debug:android: exampleproblemvuecomponent@1.0.0
8 verbose lifecycle exampleproblemvuecomponent@1.0.0~debug:android: unsafe-perm in lifecycle true
9 verbose lifecycle exampleproblemvuecomponent@1.0.0~debug:android: PATH: /Users/john/.nvm/versions/node/v6.14.2/lib/node_modules/npm/bin/node-gyp-bin:/Users/john/Documents/code/nativescript/exampleProblemVueComponent/node_modules/.bin:/Users/john/anaconda3/bin:/usr/local/bin:/usr/bin:/bin:/usr/sbin:/sbin:/Applications/VMware Fusion.app/Contents/Public:/Library/TeX/texbin:/Users/john/anaconda3/bin:/Users/john/.nvm/versions/node/v6.14.2/bin:/usr/local/sbin:/usr/local/sbin
10 verbose lifecycle exampleproblemvuecomponent@1.0.0~debug:android: CWD: /Users/john/Documents/code/nativescript/exampleProblemVueComponent
11 silly lifecycle exampleproblemvuecomponent@1.0.0~debug:android: Args: [ '-c', 'npm run debug -- --env.android' ]
12 silly lifecycle exampleproblemvuecomponent@1.0.0~debug:android: Returned: code: 1  signal: null
13 info lifecycle exampleproblemvuecomponent@1.0.0~debug:android: Failed to exec debug:android script
14 verbose stack Error: exampleproblemvuecomponent@1.0.0 debug:android: `npm run debug -- --env.android`
14 verbose stack Exit status 1
14 verbose stack     at EventEmitter.<anonymous> (/Users/john/.nvm/versions/node/v6.14.2/lib/node_modules/npm/lib/utils/lifecycle.js:255:16)
14 verbose stack     at emitTwo (events.js:106:13)
14 verbose stack     at EventEmitter.emit (events.js:191:7)
14 verbose stack     at ChildProcess.<anonymous> (/Users/john/.nvm/versions/node/v6.14.2/lib/node_modules/npm/lib/utils/spawn.js:40:14)
14 verbose stack     at emitTwo (events.js:106:13)
14 verbose stack     at ChildProcess.emit (events.js:191:7)
14 verbose stack     at maybeClose (internal/child_process.js:920:16)
14 verbose stack     at Process.ChildProcess._handle.onexit (internal/child_process.js:230:5)
15 verbose pkgid exampleproblemvuecomponent@1.0.0
16 verbose cwd /Users/john/Documents/code/nativescript/exampleProblemVueComponent
17 error Darwin 17.5.0
18 error argv "/Users/john/.nvm/versions/node/v6.14.2/bin/node" "/Users/john/.nvm/versions/node/v6.14.2/bin/npm" "run" "debug:android"
19 error node v6.14.2
20 error npm  v3.10.10
21 error code ELIFECYCLE
22 error exampleproblemvuecomponent@1.0.0 debug:android: `npm run debug -- --env.android`
22 error Exit status 1
23 error Failed at the exampleproblemvuecomponent@1.0.0 debug:android script 'npm run debug -- --env.android'.
23 error Make sure you have the latest version of node.js and npm installed.
23 error If you do, this is most likely a problem with the exampleproblemvuecomponent package,
23 error not with npm itself.
23 error Tell the author that this fails on your system:
23 error     npm run debug -- --env.android
23 error You can get information on how to open an issue for this project with:
23 error     npm bugs exampleproblemvuecomponent
23 error Or if that isn't available, you can get their info via:
23 error     npm owner ls exampleproblemvuecomponent
23 error There is likely additional logging output above.
24 verbose exit [ 1, true ]
